<?xml version="1.0" encoding="UTF-8"?>
<!-- Generated by org.testng.reporters.JUnitReportReporter -->
<testsuite hostname="DESKTOP-TJ88L6B" failures="0" tests="1" name="com.day_08.HandleCheckboxes" time="15.383" errors="0" timestamp="2025-08-30T15:12:00 IST" skipped="0">
  <testcase classname="com.day_08.HandleCheckboxes" name="HandleCheckboxe" time="15.383"/>
</testsuite> <!-- com.day_08.HandleCheckboxes -->
