<?xml version="1.0" encoding="UTF-8"?>
<!-- Generated by org.testng.reporters.JUnitReportReporter -->
<testsuite hostname="DESKTOP-TJ88L6B" failures="0" tests="1" name="com.day_08.HandleAlertUsingExplicitWait" time="13.389" errors="0" timestamp="2025-08-30T16:26:06 IST" skipped="0">
  <testcase classname="com.day_08.HandleAlertUsingExplicitWait" name="HandleAlertExplicitWait" time="13.389"/>
</testsuite> <!-- com.day_08.HandleAlertUsingExplicitWait -->
