<?xml version="1.0" encoding="UTF-8"?>
<!-- Generated by org.testng.reporters.JUnitReportReporter -->
<testsuite hostname="DESKTOP-TJ88L6B" failures="0" tests="1" name="com.day_07.ClosingSpecifiBrowserWindow" time="23.594" errors="0" timestamp="2025-08-30T14:39:58 IST" skipped="0">
  <testcase classname="com.day_07.ClosingSpecifiBrowserWindow" name="ClosingBrowserWindow" time="23.594"/>
</testsuite> <!-- com.day_07.ClosingSpecifiBrowserWindow -->
