<?xml version="1.0" encoding="UTF-8"?>
<!-- Generated by org.testng.reporters.JUnitReportReporter -->
<testsuite hostname="DESKTOP-TJ88L6B" failures="0" tests="1" name="com.day_20.WritingExcelData" time="1.910" errors="0" timestamp="2025-09-02T19:15:35 IST" skipped="0">
  <testcase classname="com.day_20.WritingExcelData" name="WritingIntoExcelData" time="1.910"/>
</testsuite> <!-- com.day_20.WritingExcelData -->
