<?xml version="1.0" encoding="UTF-8"?>
<!-- Generated by org.testng.reporters.JUnitReportReporter -->
<testsuite hostname="DESKTOP-TJ88L6B" failures="0" tests="1" name="com.day_11.GoogleSerach_AutoSuggestDropDown" time="14.048" errors="0" timestamp="2025-09-01T09:44:56 IST" skipped="0">
  <testcase classname="com.day_11.GoogleSerach_AutoSuggestDropDown" name="GoogleSerach_SuggestDropDown" time="14.048"/>
</testsuite> <!-- com.day_11.GoogleSerach_AutoSuggestDropDown -->
