<?xml version="1.0" encoding="UTF-8"?>
<!-- Generated by org.testng.reporters.JUnitReportReporter -->
<testsuite hostname="DESKTOP-TJ88L6B" failures="0" tests="1" name="com.day_17.Scrolling_Pages" time="33.279" errors="0" timestamp="2025-09-02T09:41:48 IST" skipped="0">
  <testcase classname="com.day_17.Scrolling_Pages" name="scroll_Pages" time="33.279"/>
</testsuite> <!-- com.day_17.Scrolling_Pages -->
