<?xml version="1.0" encoding="UTF-8"?>
<!-- Generated by org.testng.reporters.JUnitReportReporter -->
<testsuite hostname="DESKTOP-TJ88L6B" failures="0" tests="1" name="com.day_13.Handling_Dynamic_PaginationWeb_Table" time="17.988" errors="0" timestamp="2025-09-01T12:19:09 IST" skipped="0">
  <testcase classname="com.day_13.Handling_Dynamic_PaginationWeb_Table" name="Handling_Dynamic_PaginationWeb" time="17.988"/>
</testsuite> <!-- com.day_13.Handling_Dynamic_PaginationWeb_Table -->
