<?xml version="1.0" encoding="UTF-8"?>
<!-- Generated by org.testng.reporters.JUnitReportReporter -->
<testsuite hostname="DESKTOP-TJ88L6B" failures="0" tests="1" name="com.day_15.RightClick" time="10.925" errors="0" timestamp="2025-09-01T19:25:15 IST" skipped="0">
  <testcase classname="com.day_15.RightClick" name="RightClick_Action" time="10.925"/>
</testsuite> <!-- com.day_15.RightClick -->
