<?xml version="1.0" encoding="UTF-8"?>
<!-- Generated by org.testng.reporters.JUnitReportReporter -->
<testsuite hostname="DESKTOP-TJ88L6B" failures="0" tests="1" name="com.day_20.ReadingDataFromExcel" time="2.068" errors="0" timestamp="2025-09-02T18:54:53 IST" skipped="0">
  <testcase classname="com.day_20.ReadingDataFromExcel" name="ReadingDataExcel" time="2.068"/>
</testsuite> <!-- com.day_20.ReadingDataFromExcel -->
