<?xml version="1.0" encoding="UTF-8"?>
<!-- Generated by org.testng.reporters.JUnitReportReporter -->
<testsuite hostname="DESKTOP-TJ88L6B" failures="0" tests="1" name="com.day_08.Basic_Auth" time="8.122" errors="0" timestamp="2025-08-30T16:32:22 IST" skipped="0">
  <testcase classname="com.day_08.Basic_Auth" name="Basic_AuthAlert" time="8.122"/>
</testsuite> <!-- com.day_08.Basic_Auth -->
