<?xml version="1.0" encoding="UTF-8"?>
<!-- Generated by org.testng.reporters.JUnitReportReporter -->
<testsuite hostname="DESKTOP-TJ88L6B" failures="0" tests="1" name="com.day_14.Handling_Date_Pickers" time="14.649" errors="0" timestamp="2025-09-01T13:09:51 IST" skipped="0">
  <testcase classname="com.day_14.Handling_Date_Pickers" name="Date_Pickers" time="14.649"/>
</testsuite> <!-- com.day_14.Handling_Date_Pickers -->
