<?xml version="1.0" encoding="UTF-8"?>
<!-- Generated by org.testng.reporters.JUnitReportReporter -->
<testsuite hostname="DESKTOP-TJ88L6B" failures="0" tests="5" name="com.day_22.OrangeHRMTest" time="25.150" errors="0" timestamp="2025-09-04T18:19:39 IST" skipped="0">
  <testcase classname="com.day_22.OrangeHRMTest" name="openApp" time="14.754"/>
  <testcase classname="com.day_22.OrangeHRMTest" name="testLogo" time="4.111"/>
  <testcase classname="com.day_22.OrangeHRMTest" name="testLogin" time="1.520"/>
  <testcase classname="com.day_22.OrangeHRMTest" name="testLogout" time="4.313"/>
  <testcase classname="com.day_22.OrangeHRMTest" name="closeApp" time="0.452"/>
</testsuite> <!-- com.day_22.OrangeHRMTest -->
