<?xml version="1.0" encoding="UTF-8"?>
<!-- Generated by org.testng.reporters.JUnitReportReporter -->
<testsuite hostname="DESKTOP-TJ88L6B" failures="0" tests="1" name="com.day_07.Navigation_Commands" time="9.512" errors="0" timestamp="2025-08-30T10:41:22 IST" skipped="0">
  <testcase classname="com.day_07.Navigation_Commands" name="Navigation_Command" time="9.512"/>
</testsuite> <!-- com.day_07.Navigation_Commands -->
