<?xml version="1.0" encoding="UTF-8"?>
<!-- Generated by org.testng.reporters.JUnitReportReporter -->
<testsuite hostname="DESKTOP-TJ88L6B" failures="0" tests="1" name="com.day_09.Frames_iFrames" time="18.728" errors="0" timestamp="2025-08-31T09:51:00 IST" skipped="0">
  <testcase classname="com.day_09.Frames_iFrames" name="Frames_iFrame" time="18.728"/>
</testsuite> <!-- com.day_09.Frames_iFrames -->
