<?xml version="1.0" encoding="UTF-8"?>
<!-- Generated by org.testng.reporters.JUnitReportReporter -->
<testsuite hostname="DESKTOP-TJ88L6B" failures="0" tests="1" name="com.day_05.ConditionalMethods" time="4.329" errors="0" timestamp="2025-08-29T21:38:58 IST" skipped="0">
  <testcase classname="com.day_05.ConditionalMethods" name="ConditionMethods" time="4.329"/>
</testsuite> <!-- com.day_05.ConditionalMethods -->
