<?xml version="1.0" encoding="UTF-8"?>
<!-- Generated by org.testng.reporters.JUnitReportReporter -->
<testsuite hostname="DESKTOP-TJ88L6B" failures="0" tests="1" name="com.day_18.SSL" time="3.695" errors="0" timestamp="2025-09-02T11:42:43 IST" skipped="0">
  <testcase classname="com.day_18.SSL" name="SSL_Page" time="3.695"/>
</testsuite> <!-- com.day_18.SSL -->
