<?xml version="1.0" encoding="UTF-8"?>
<!-- Generated by org.testng.reporters.JUnitReportReporter -->
<testsuite hostname="DESKTOP-TJ88L6B" failures="0" tests="1" name="com.day_01.FirstTestCase" time="7.725" errors="0" timestamp="2025-08-28T19:09:17 IST" skipped="0">
  <testcase classname="com.day_01.FirstTestCase" name="openWebsite" time="7.725"/>
</testsuite> <!-- com.day_01.FirstTestCase -->
