<?xml version="1.0" encoding="UTF-8"?>
<!-- Generated by org.testng.reporters.JUnitReportReporter -->
<testsuite hostname="DESKTOP-TJ88L6B" failures="0" tests="2" name="com.day_23.Annotations" time="0.034" errors="0" timestamp="2025-09-04T18:43:51 IST" skipped="0">
  <testcase classname="com.day_23.Annotations" name="adavcefSearch" time="0.032"/>
  <testcase classname="com.day_23.Annotations" name="search" time="0.002"/>
</testsuite> <!-- com.day_23.Annotations -->
