<?xml version="1.0" encoding="UTF-8"?>
<!-- Generated by org.testng.reporters.JUnitReportReporter -->
<testsuite hostname="DESKTOP-TJ88L6B" failures="0" tests="3" name="com.day_24.SignOffTest" time="0.006" errors="0" timestamp="2025-09-04T20:42:18 IST" skipped="0">
  <testcase classname="com.day_24.SignOffTest" name="signubyEmail" time="0.001"/>
  <testcase classname="com.day_24.SignOffTest" name="signubyFacebook" time="0.002"/>
  <testcase classname="com.day_24.SignOffTest" name="signubyInsta" time="0.003"/>
</testsuite> <!-- com.day_24.SignOffTest -->
