<?xml version="1.0" encoding="UTF-8"?>
<!-- Generated by org.testng.reporters.JUnitReportReporter -->
<testsuite hostname="DESKTOP-TJ88L6B" failures="0" tests="1" name="com.day_12.Static_Web_Table" time="16.721" errors="0" timestamp="2025-09-01T10:51:19 IST" skipped="0">
  <testcase classname="com.day_12.Static_Web_Table" name="Static_Web_Tables" time="16.721"/>
</testsuite> <!-- com.day_12.Static_Web_Table -->
