<?xml version="1.0" encoding="UTF-8"?>
<!-- Generated by org.testng.reporters.JUnitReportReporter -->
<testsuite hostname="DESKTOP-TJ88L6B" failures="0" tests="1" name="com.day_19.Shadow_DOM" time="16.696" errors="0" timestamp="2025-09-02T15:58:55 IST" skipped="0">
  <testcase classname="com.day_19.Shadow_DOM" name="Shadow_DOMWeb" time="16.696"/>
</testsuite> <!-- com.day_19.Shadow_DOM -->
