<?xml version="1.0" encoding="UTF-8"?>
<!-- Generated by org.testng.reporters.JUnitReportReporter -->
<testsuite hostname="DESKTOP-TJ88L6B" failures="0" tests="3" name="com.day_22.Test_Annotation" time="0.020" errors="0" timestamp="2025-09-03T19:31:25 IST" skipped="0">
  <testcase classname="com.day_22.Test_Annotation" name="LououtPage" time="0.014"/>
  <testcase classname="com.day_22.Test_Annotation" name="OpenApp" time="0.002"/>
  <testcase classname="com.day_22.Test_Annotation" name="LoginPage" time="0.004"/>
</testsuite> <!-- com.day_22.Test_Annotation -->
