<?xml version="1.0" encoding="UTF-8"?>
<!-- Generated by org.testng.reporters.JUnitReportReporter -->
<testsuite hostname="DESKTOP-TJ88L6B" failures="0" tests="1" name="com.day_19.Handling_Broken_Links" time="59.208" errors="0" timestamp="2025-09-02T15:26:06 IST" skipped="0">
  <testcase classname="com.day_19.Handling_Broken_Links" name="Broken_Links" time="59.208"/>
</testsuite> <!-- com.day_19.Handling_Broken_Links -->
