<?xml version="1.0" encoding="UTF-8"?>
<!-- Generated by org.testng.reporters.JUnitReportReporter -->
<testsuite hostname="DESKTOP-TJ88L6B" failures="0" tests="1" name="com.day_04.XPathDemo" time="5.056" errors="0" timestamp="2025-08-29T18:55:59 IST" skipped="0">
  <testcase classname="com.day_04.XPathDemo" name="xpathathDemo1" time="5.056"/>
</testsuite> <!-- com.day_04.XPathDemo -->
