<?xml version="1.0" encoding="UTF-8"?>
<!-- Generated by org.testng.reporters.JUnitReportReporter -->
<testsuite hostname="DESKTOP-TJ88L6B" failures="0" tests="2" name="com.day_24.PaymentSlip" time="0.014" errors="0" timestamp="2025-09-04T20:42:18 IST" skipped="0">
  <testcase classname="com.day_24.PaymentSlip" name="paymentRupees" time="0.001"/>
  <testcase classname="com.day_24.PaymentSlip" name="paymentInDollars" time="0.013"/>
</testsuite> <!-- com.day_24.PaymentSlip -->
