<?xml version="1.0" encoding="UTF-8"?>
<!-- Generated by org.testng.reporters.JUnitReportReporter -->
<testsuite hostname="DESKTOP-TJ88L6B" failures="0" tests="1" name="com.day_19.SVG_Elements" time="12.236" errors="0" timestamp="2025-09-02T16:13:39 IST" skipped="0">
  <testcase classname="com.day_19.SVG_Elements" name="SVG_Element" time="12.236"/>
</testsuite> <!-- com.day_19.SVG_Elements -->
