<?xml version="1.0" encoding="UTF-8"?>
<!-- Generated by org.testng.reporters.JUnitReportReporter -->
<testsuite hostname="DESKTOP-TJ88L6B" failures="0" tests="1" name="com.day_15.Mouse_Actions" time="9.318" errors="0" timestamp="2025-09-01T18:54:27 IST" skipped="0">
  <testcase classname="com.day_15.Mouse_Actions" name="Mouse_Action" time="9.318"/>
</testsuite> <!-- com.day_15.Mouse_Actions -->
