<?xml version="1.0" encoding="UTF-8"?>
<!-- Generated by org.testng.reporters.JUnitReportReporter -->
<testsuite hostname="DESKTOP-TJ88L6B" failures="0" tests="1" name="com.day_16.Sliders" time="16.902" errors="0" timestamp="2025-09-01T21:36:24 IST" skipped="0">
  <testcase classname="com.day_16.Sliders" name="Sliders_Windows" time="16.902"/>
</testsuite> <!-- com.day_16.Sliders -->
