<?xml version="1.0" encoding="UTF-8"?>
<!-- Generated by org.testng.reporters.JUnitReportReporter -->
<testsuite hostname="DESKTOP-TJ88L6B" failures="0" tests="3" name="com.day_24.LoginTests" time="0.031" errors="0" timestamp="2025-09-05T18:43:19 IST" skipped="0">
  <testcase classname="com.day_24.LoginTests" name="loginByEmail" time="0.012"/>
  <testcase classname="com.day_24.LoginTests" name="loginByFacebook" time="0.003"/>
  <testcase classname="com.day_24.LoginTests" name="loginByChrome" time="0.016"/>
</testsuite> <!-- com.day_24.LoginTests -->
