<?xml version="1.0" encoding="UTF-8"?>
<!-- Generated by org.testng.reporters.JUnitReportReporter -->
<testsuite hostname="DESKTOP-TJ88L6B" failures="0" tests="1" name="com.day_27.LoginTest2" time="47.561" errors="0" timestamp="2025-09-06T09:36:33 IST" skipped="0">
  <testcase classname="com.day_27.LoginTest2" name="testLogin" time="47.561"/>
</testsuite> <!-- com.day_27.LoginTest2 -->
