<?xml version="1.0" encoding="UTF-8"?>
<!-- Generated by org.testng.reporters.JUnitReportReporter -->
<testsuite hostname="DESKTOP-TJ88L6B" failures="0" tests="1" name="com.day_17.Zooming_Zoomout" time="15.413" errors="0" timestamp="2025-09-02T09:50:28 IST" skipped="0">
  <testcase classname="com.day_17.Zooming_Zoomout" name="Zoom_Pages" time="15.413"/>
</testsuite> <!-- com.day_17.Zooming_Zoomout -->
