<?xml version="1.0" encoding="UTF-8"?>
<!-- Generated by org.testng.reporters.JUnitReportReporter -->
<testsuite hostname="DESKTOP-TJ88L6B" failures="0" tests="1" name="com.day_17.Javascript_Executor" time="14.194" errors="0" timestamp="2025-09-02T08:51:00 IST" skipped="0">
  <testcase classname="com.day_17.Javascript_Executor" name="Javascript_Executors" time="14.194"/>
</testsuite> <!-- com.day_17.Javascript_Executor -->
