<?xml version="1.0" encoding="UTF-8"?>
<!-- Generated by org.testng.reporters.JUnitReportReporter -->
<testsuite hostname="DESKTOP-TJ88L6B" failures="0" tests="1" name="com.day_18.Headless" time="9.581" errors="0" timestamp="2025-09-02T11:09:08 IST" skipped="0">
  <testcase classname="com.day_18.Headless" name="Headless_Test" time="9.581"/>
</testsuite> <!-- com.day_18.Headless -->
