<?xml version="1.0" encoding="UTF-8"?>
<!-- Generated by org.testng.reporters.JUnitReportReporter -->
<testsuite hostname="DESKTOP-TJ88L6B" failures="0" tests="1" name="com.day_18.Incognito_Mode" time="6.662" errors="0" timestamp="2025-09-02T11:47:17 IST" skipped="0">
  <testcase classname="com.day_18.Incognito_Mode" name="Incognito_Mode_Browser" time="6.662"/>
</testsuite> <!-- com.day_18.Incognito_Mode -->
