<?xml version="1.0" encoding="UTF-8"?>
<!-- Generated by org.testng.reporters.JUnitReportReporter -->
<testsuite hostname="DESKTOP-TJ88L6B" failures="0" tests="1" name="com.day_15.DoubleClick" time="39.714" errors="0" timestamp="2025-09-01T19:56:41 IST" skipped="0">
  <testcase classname="com.day_15.DoubleClick" name="DoubleClick_Action" time="39.714"/>
</testsuite> <!-- com.day_15.DoubleClick -->
