<?xml version="1.0" encoding="UTF-8"?>
<!-- Generated by org.testng.reporters.JUnitReportReporter -->
<testsuite hostname="DESKTOP-TJ88L6B" failures="0" tests="1" name="com.day_06.ExpliciWaitDemo" time="6.994" errors="0" timestamp="2025-08-30T10:00:49 IST" skipped="0">
  <testcase classname="com.day_06.ExpliciWaitDemo" name="ExpliciWait" time="6.994"/>
</testsuite> <!-- com.day_06.ExpliciWaitDemo -->
