<?xml version="1.0" encoding="UTF-8"?>
<!-- Generated by org.testng.reporters.JUnitReportReporter -->
<testsuite hostname="DESKTOP-TJ88L6B" failures="0" tests="1" name="com.day_16.Keyboard_Actions" time="139.356" errors="0" timestamp="2025-09-01T21:52:35 IST" skipped="0">
  <testcase classname="com.day_16.Keyboard_Actions" name="Keyboard_ActionsWindows" time="139.356"/>
</testsuite> <!-- com.day_16.Keyboard_Actions -->
