<?xml version="1.0" encoding="UTF-8"?>
<!-- Generated by org.testng.reporters.JUnitReportReporter -->
<testsuite hostname="DESKTOP-TJ88L6B" failures="0" tests="1" name="com.day_05.WebDriver_Methods" time="11.048" errors="0" timestamp="2025-08-30T09:09:06 IST" skipped="0">
  <testcase classname="com.day_05.WebDriver_Methods" name="Methods" time="11.048"/>
</testsuite> <!-- com.day_05.WebDriver_Methods -->
