<?xml version="1.0" encoding="UTF-8"?>
<!-- Generated by org.testng.reporters.JUnitReportReporter -->
<testsuite hostname="DESKTOP-TJ88L6B" failures="0" tests="1" name="com.day_03.CSS_Locator" time="17.880" errors="0" timestamp="2025-08-29T18:16:52 IST" skipped="0">
  <testcase classname="com.day_03.CSS_Locator" name="main" time="17.880"/>
</testsuite> <!-- com.day_03.CSS_Locator -->
