<?xml version="1.0" encoding="UTF-8"?>
<!-- Generated by org.testng.reporters.JUnitReportReporter -->
<testsuite hostname="DESKTOP-TJ88L6B" failures="0" tests="1" name="com.day_15.DragAndDrop" time="33.143" errors="0" timestamp="2025-09-01T20:20:57 IST" skipped="0">
  <testcase classname="com.day_15.DragAndDrop" name="DragAndDrop_Action" time="33.143"/>
</testsuite> <!-- com.day_15.DragAndDrop -->
