<?xml version="1.0" encoding="UTF-8"?>
<!-- Generated by org.testng.reporters.JUnitReportReporter -->
<testsuite hostname="DESKTOP-TJ88L6B" failures="0" tests="3" name="com.day_26.OrangeHRM" time="3.125" errors="0" timestamp="2025-09-06T08:47:10 IST" skipped="0">
  <testcase classname="com.day_26.OrangeHRM" name="testLogo" time="3.104"/>
  <testcase classname="com.day_26.OrangeHRM" name="testTitle" time="0.010"/>
  <testcase classname="com.day_26.OrangeHRM" name="testURL" time="0.011"/>
</testsuite> <!-- com.day_26.OrangeHRM -->
