<?xml version="1.0" encoding="UTF-8"?>
<!-- Generated by org.testng.reporters.JUnitReportReporter -->
<testsuite hostname="DESKTOP-TJ88L6B" failures="0" tests="1" name="com.day_18.Screenshots_Page" time="9.485" errors="0" timestamp="2025-09-02T10:43:18 IST" skipped="0">
  <testcase classname="com.day_18.Screenshots_Page" name="Screenshots" time="9.485"/>
</testsuite> <!-- com.day_18.Screenshots_Page -->
