<?xml version="1.0" encoding="UTF-8"?>
<!-- Generated by org.testng.reporters.JUnitReportReporter -->
<testsuite hostname="DESKTOP-TJ88L6B" failures="0" tests="1" name="com.day_10.Drop_Downs" time="19.543" errors="0" timestamp="2025-08-31T10:36:17 IST" skipped="0">
  <testcase classname="com.day_10.Drop_Downs" name="Drop_DownsList" time="19.543"/>
</testsuite> <!-- com.day_10.Drop_Downs -->
