<?xml version="1.0" encoding="UTF-8"?>
<!-- Generated by org.testng.reporters.JUnitReportReporter -->
<testsuite hostname="DESKTOP-TJ88L6B" failures="0" tests="1" name="com.day_21.Reading_Properties" time="0.010" errors="0" timestamp="2025-09-03T10:28:13 IST" skipped="0">
  <testcase classname="com.day_21.Reading_Properties" name="Reading_Propertie" time="0.010"/>
</testsuite> <!-- com.day_21.Reading_Properties -->
