<?xml version="1.0" encoding="UTF-8"?>
<!-- Generated by org.testng.reporters.JUnitReportReporter -->
<testsuite hostname="DESKTOP-TJ88L6B" failures="0" tests="1" name="com.day_02.Locator_Demo" time="5.110" errors="0" timestamp="2025-08-28T20:34:48 IST" skipped="0">
  <testcase classname="com.day_02.Locator_Demo" name="main" time="5.110"/>
</testsuite> <!-- com.day_02.Locator_Demo -->
