<?xml version="1.0" encoding="UTF-8"?>
<!-- Generated by org.testng.reporters.JUnitReportReporter -->
<testsuite hostname="DESKTOP-TJ88L6B" failures="0" tests="1" name="com.day_17.Upload_Files_Copy" time="10.473" errors="0" timestamp="2025-09-02T10:15:18 IST" skipped="0">
  <testcase classname="com.day_17.Upload_Files_Copy" name="Upload_Copy" time="10.473"/>
</testsuite> <!-- com.day_17.Upload_Files_Copy -->
