<?xml version="1.0" encoding="UTF-8"?>
<!-- Generated by org.testng.reporters.JUnitReportReporter -->
<testsuite hostname="DESKTOP-TJ88L6B" failures="0" tests="1" name="com.day_27.LoginTest" time="13.285" errors="0" timestamp="2025-09-06T09:21:24 IST" skipped="0">
  <testcase classname="com.day_27.LoginTest" name="testLogin" time="13.285"/>
</testsuite> <!-- com.day_27.LoginTest -->
