<?xml version="1.0" encoding="UTF-8"?>
<!-- Generated by org.testng.reporters.JUnitReportReporter -->
<testsuite hostname="DESKTOP-TJ88L6B" failures="0" tests="1" name="com.day_20.WritingExcelDataInSpecifRowsCell" time="2.383" errors="0" timestamp="2025-09-02T19:34:51 IST" skipped="0">
  <testcase classname="com.day_20.WritingExcelDataInSpecifRowsCell" name="WritingIntoExcelData" time="2.383"/>
</testsuite> <!-- com.day_20.WritingExcelDataInSpecifRowsCell -->
