<?xml version="1.0" encoding="UTF-8"?>
<!-- Generated by org.testng.reporters.JUnitReportReporter -->
<testsuite hostname="DESKTOP-TJ88L6B" failures="0" tests="1" name="com.day_16.OpenLinkNewTab" time="11.690" errors="0" timestamp="2025-09-01T22:12:48 IST" skipped="0">
  <testcase classname="com.day_16.OpenLinkNewTab" name="OpenLinkNewTabs" time="11.690"/>
</testsuite> <!-- com.day_16.OpenLinkNewTab -->
