<?xml version="1.0" encoding="UTF-8"?>
<!-- Generated by org.testng.reporters.JUnitReportReporter -->
<testsuite hostname="DESKTOP-TJ88L6B" failures="0" tests="1" name="com.day_16.Windows" time="34.968" errors="0" timestamp="2025-09-02T08:13:03 IST" skipped="0">
  <testcase classname="com.day_16.Windows" name="WindowsNewTabs" time="34.968"/>
</testsuite> <!-- com.day_16.Windows -->
