<?xml version="1.0" encoding="UTF-8"?>
<!-- Generated by org.testng.reporters.JUnitReportReporter -->
<testsuite hostname="DESKTOP-TJ88L6B" failures="0" tests="1" name="com.day_05.BrowserMethods" time="14.782" errors="0" timestamp="2025-08-29T21:47:50 IST" skipped="0">
  <testcase classname="com.day_05.BrowserMethods" name="BrowserMethod" time="14.782"/>
</testsuite> <!-- com.day_05.BrowserMethods -->
