<?xml version="1.0" encoding="UTF-8"?>
<!-- Generated by org.testng.reporters.JUnitReportReporter -->
<testsuite hostname="DESKTOP-TJ88L6B" failures="0" tests="1" name="com.day_20.WritingDynamicDataToExcel" time="104.626" errors="0" timestamp="2025-09-02T19:29:47 IST" skipped="0">
  <testcase classname="com.day_20.WritingDynamicDataToExcel" name="DynamicDataToExcel" time="104.626"/>
</testsuite> <!-- com.day_20.WritingDynamicDataToExcel -->
