<?xml version="1.0" encoding="UTF-8"?>
<!-- Generated by org.testng.reporters.JUnitReportReporter -->
<testsuite hostname="DESKTOP-TJ88L6B" failures="0" tests="1" name="com.day_06.SleepCommad" time="12.957" errors="0" timestamp="2025-08-30T09:19:16 IST" skipped="0">
  <testcase classname="com.day_06.SleepCommad" name="SleepCommadd" time="12.957"/>
</testsuite> <!-- com.day_06.SleepCommad -->
